proguard/seeds.txt
com.car.shopping.R$anim: int actionsheet_dialog_in
com.car.shopping.R$anim: int actionsheet_dialog_out
com.car.shopping.R$anim: int dialog_dismiss
com.car.shopping.R$anim: int dialog_show
com.car.shopping.R$anim: int fade_in
com.car.shopping.R$anim: int fade_out
com.car.shopping.R$anim: int head_in
com.car.shopping.R$anim: int head_out
com.car.shopping.R$anim: int hold
com.car.shopping.R$anim: int push_bottom_in
com.car.shopping.R$anim: int push_bottom_out
com.car.shopping.R$anim: int push_top_in
com.car.shopping.R$anim: int push_top_in2
com.car.shopping.R$anim: int push_top_out
com.car.shopping.R$anim: int push_top_out2
com.car.shopping.R$anim: int slide_in_from_left
com.car.shopping.R$anim: int slide_in_from_right
com.car.shopping.R$anim: int slide_out_to_left
com.car.shopping.R$anim: int slide_out_to_right
com.car.shopping.R$anim: int update_loading_progressbar_anim
com.car.shopping.R$anim: int voice_from_icon
com.car.shopping.R$anim: int voice_to_icon
com.car.shopping.R$array: int question_one_a
com.car.shopping.R$array: int question_one_q
com.car.shopping.R$attr: int bigEmojiconRows
com.car.shopping.R$attr: int border_color
com.car.shopping.R$attr: int border_width
com.car.shopping.R$attr: int contactItemImage
com.car.shopping.R$attr: int contactItemName
com.car.shopping.R$attr: int ctsListInitialLetterBg
com.car.shopping.R$attr: int ctsListInitialLetterColor
com.car.shopping.R$attr: int ctsListPrimaryTextColor
com.car.shopping.R$attr: int ctsListPrimaryTextSize
com.car.shopping.R$attr: int ctsListShowSiderBar
com.car.shopping.R$attr: int cvsListPrimaryTextColor
com.car.shopping.R$attr: int cvsListPrimaryTextSize
com.car.shopping.R$attr: int cvsListSecondaryTextColor
com.car.shopping.R$attr: int cvsListSecondaryTextSize
com.car.shopping.R$attr: int cvsListTimeTextColor
com.car.shopping.R$attr: int cvsListTimeTextSize
com.car.shopping.R$attr: int emojiconColumns
com.car.shopping.R$attr: int msgListMyBubbleBackground
com.car.shopping.R$attr: int msgListOtherBubbleBackground
com.car.shopping.R$attr: int msgListShowUserAvatar
com.car.shopping.R$attr: int msgListShowUserNick
com.car.shopping.R$attr: int numColumns
com.car.shopping.R$attr: int switchCloseImage
com.car.shopping.R$attr: int switchOpenImage
com.car.shopping.R$attr: int switchStatus
com.car.shopping.R$attr: int titleBarBackground
com.car.shopping.R$attr: int titleBarLeftImage
com.car.shopping.R$attr: int titleBarRightImage
com.car.shopping.R$attr: int titleBarTitle
com.car.shopping.R$color: int Gray
com.car.shopping.R$color: int action_bar_tittle_color_555555
com.car.shopping.R$color: int bg_agray
com.car.shopping.R$color: int black
com.car.shopping.R$color: int black_deep
com.car.shopping.R$color: int black_five
com.car.shopping.R$color: int black_four
com.car.shopping.R$color: int black_one
com.car.shopping.R$color: int black_three
com.car.shopping.R$color: int black_two
com.car.shopping.R$color: int blue
com.car.shopping.R$color: int blue_flowlayout
com.car.shopping.R$color: int blue_one
com.car.shopping.R$color: int blue_right_letter
com.car.shopping.R$color: int blue_title_search
com.car.shopping.R$color: int blue_title_search_bg
com.car.shopping.R$color: int bottom_bar_normal_bg
com.car.shopping.R$color: int bottom_text_color_normal
com.car.shopping.R$color: int btn_answer_normal
com.car.shopping.R$color: int btn_answer_pressed
com.car.shopping.R$color: int btn_blue_normal
com.car.shopping.R$color: int btn_blue_pressed
com.car.shopping.R$color: int btn_gray_normal
com.car.shopping.R$color: int btn_gray_pressed
com.car.shopping.R$color: int btn_gray_pressed_status
com.car.shopping.R$color: int btn_green_noraml
com.car.shopping.R$color: int btn_green_pressed
com.car.shopping.R$color: int btn_login_normal
com.car.shopping.R$color: int btn_login_pressed
com.car.shopping.R$color: int btn_logout_normal
com.car.shopping.R$color: int btn_logout_pressed
com.car.shopping.R$color: int btn_pl_send
...
com.google.android.gms.panorama.PanoramaClient$a
com.google.android.gms.panorama.PanoramaClient$a: void a(com.google.android.gms.common.ConnectionResult,int,android.content.Intent)
com.google.android.gms.plus.GooglePlusUtil
com.google.android.gms.plus.GooglePlusUtil: int SUCCESS
com.google.android.gms.plus.GooglePlusUtil: int APP_MISSING
com.google.android.gms.plus.GooglePlusUtil: int APP_UPDATE_REQUIRED
com.google.android.gms.plus.GooglePlusUtil: int APP_DISABLED
com.google.android.gms.plus.GooglePlusUtil: java.lang.String GOOGLE_PLUS_PACKAGE
com.google.android.gms.plus.GooglePlusUtil: java.lang.String PLATFORM_LOGGING_TAG
com.google.android.gms.plus.GooglePlusUtil: GooglePlusUtil()
com.google.android.gms.plus.GooglePlusUtil: int checkGooglePlusApp(android.content.Context)
com.google.android.gms.plus.GooglePlusUtil: int b(android.content.Context,int)
com.google.android.gms.plus.GooglePlusUtil: android.app.Dialog getErrorDialog(int,android.app.Activity,int)
com.google.android.gms.plus.GooglePlusUtil: android.app.Dialog a(android.app.AlertDialog$Builder,int,android.app.Activity,int)
com.google.android.gms.plus.GooglePlusUtil: java.lang.String a(android.content.Context,java.lang.String,java.lang.String)
com.google.android.gms.plus.PlusClient
com.google.android.gms.plus.PlusClient: java.lang.String KEY_REQUEST_VISIBLE_ACTIVITIES
com.google.android.gms.plus.PlusClient: com.google.android.gms.internal.dy gJ
com.google.android.gms.plus.PlusClient: PlusClient(android.content.Context,java.lang.String,java.lang.String,java.lang.String,com.google.android.gms.common.GooglePlayServicesClient$ConnectionCallbacks,com.google.android.gms.common.GooglePlayServicesClient$OnConnectionFailedListener,java.lang.String[],java.lang.String[],java.lang.String[])
com.google.android.gms.plus.PlusClient: java.lang.String getAccountName()
com.google.android.gms.plus.PlusClient: boolean A(java.lang.String)
com.google.android.gms.plus.PlusClient: void a(com.google.android.gms.plus.PlusClient$b,java.lang.String)
com.google.android.gms.plus.PlusClient: void writeMoment(com.google.android.gms.plus.model.moments.Moment)
com.google.android.gms.plus.PlusClient: void loadMoments(com.google.android.gms.plus.PlusClient$OnMomentsLoadedListener)
com.google.android.gms.plus.PlusClient: void loadMoments(com.google.android.gms.plus.PlusClient$OnMomentsLoadedListener,int,java.lang.String,android.net.Uri,java.lang.String,java.lang.String)
com.google.android.gms.plus.PlusClient: void removeMoment(java.lang.String)
com.google.android.gms.plus.PlusClient: void loadPeople(com.google.android.gms.plus.PlusClient$OnPeopleLoadedListener,int)