proguard/usage.txt
com.car.shopping.BuildConfig
com.car.shopping.Manifest
com.car.shopping.Manifest$permission
com.car.shopping.R:
    10:10:public R()
com.car.shopping.R$anim
com.car.shopping.R$array
com.car.shopping.R$attr
com.car.shopping.R$color
com.car.shopping.R$dimen
com.car.shopping.R$drawable
com.car.shopping.R$id
com.car.shopping.R$layout
com.car.shopping.R$menu
com.car.shopping.R$raw
com.car.shopping.R$string
com.car.shopping.R$style
com.car.shopping.R$styleable:
    1988:1988:public R$styleable()
com.car.shopping.activity.CancelActivity:
    private static final int SDK_PAY_FLAG
com.car.shopping.activity.CarBrandActivity$MyAdapter:
    static final int TYPE_1
    static final int TYPE_2
com.car.shopping.activity.ChouJiangActivity:
    private com.car.shopping.entity.DataInfo dataInfo
com.car.shopping.activity.InteractiveActivity:
    171:183:private void dealQD(java.lang.String)
com.car.shopping.activity.JiFenRuleActivity:
    private com.car.shopping.entity.BaseTJYJInfo baseInfo
    private com.car.shopping.entity.DataInfo dataInfo
com.car.shopping.activity.MainActivity:
    private android.content.BroadcastReceiver broadcastReceiver
    private android.support.v4.content.LocalBroadcastManager broadcastManager
com.car.shopping.activity.PayWXActivity:
    private static final int SDK_PAY_FLAG
    341:341:private void getValue()
    364:364:private void dealData(java.lang.String)
    383:383:private void dealData1(java.lang.String)
com.car.shopping.activity.RegisterActivity:
    public java.lang.String cookieFromResponse
com.car.shopping.activity.ReleaseActivity:
    private android.widget.ScrollView sl
    359:371:private void startImageZoom1(android.net.Uri,int,int,int,int,java.lang.String)
    374:393:private java.lang.String sendImage(android.graphics.Bitmap)
    442:463:private java.lang.String saveScalePhoto(android.graphics.Bitmap)
com.car.shopping.activity.ShopDetailActivity:
    1042:1064:private void exceedSixtySecond()
com.car.shopping.activity.ShopDetailActivity$34
com.car.shopping.activity.ShopDetailActivity$35
com.car.shopping.activity.ShowImageActivity:
    private static final java.lang.String STATE_POSITION
    public static final java.lang.String EXTRA_IMAGE_INDEX
    public static final java.lang.String EXTRA_IMAGE_URLS
com.car.shopping.activity.WelcomeActivity:
    123:123:public void initViews()
    129:129:public void initData()
com.car.shopping.adapter.AddressBook2Adapter:
    private static final int TYPE_1
    private static final int TYPE_2
com.car.shopping.adapter.IsPayListAdapter
com.car.shopping.adapter.IsPayListAdapter$MyClickListener
...
android.support.v4.view.animation.LinearOutSlowInInterpolator
android.support.v4.view.animation.PathInterpolatorCompat
android.support.v4.view.animation.PathInterpolatorCompatApi21
android.support.v4.view.animation.PathInterpolatorCompatBase
android.support.v4.view.animation.PathInterpolatorDonut
android.support.v4.widget.AutoScrollHelper
android.support.v4.widget.AutoScrollHelper$1
android.support.v4.widget.AutoScrollHelper$ClampedScroller
android.support.v4.widget.AutoScrollHelper$ScrollAnimationRunnable
android.support.v4.widget.CircleImageView:
    private static final int KEY_SHADOW_COLOR
    private static final int FILL_SHADOW_COLOR
    private static final float X_OFFSET
    private static final float Y_OFFSET
    private static final float SHADOW_RADIUS
    private static final int SHADOW_ELEVATION
    117:118:public void setBackgroundColorRes(int)
android.support.v4.widget.CompoundButtonCompat
android.support.v4.widget.CompoundButtonCompat$Api23CompoundButtonImpl
android.support.v4.widget.CompoundButtonCompat$BaseCompoundButtonCompat
android.support.v4.widget.CompoundButtonCompat$CompoundButtonCompatImpl
android.support.v4.widget.CompoundButtonCompat$LollipopCompoundButtonImpl
android.support.v4.widget.CompoundButtonCompatApi23
android.support.v4.widget.CompoundButtonCompatDonut
android.support.v4.widget.CompoundButtonCompatLollipop
android.support.v4.widget.ContentLoadingProgressBar
android.support.v4.widget.ContentLoadingProgressBar$1
android.support.v4.widget.ContentLoadingProgressBar$2
android.support.v4.widget.CursorAdapter
android.support.v4.widget.CursorAdapter$1
android.support.v4.widget.CursorAdapter$ChangeObserver
android.support.v4.widget.CursorAdapter$MyDataSetObserver
android.support.v4.widget.CursorFilter
android.support.v4.widget.CursorFilter$CursorFilterClient
android.support.v4.widget.DrawerLayout
android.support.v4.widget.DrawerLayout$AccessibilityDelegate
android.support.v4.widget.DrawerLayout$ChildAccessibilityDelegate
android.support.v4.widget.DrawerLayout$DrawerLayoutCompatImpl
android.support.v4.widget.DrawerLayout$DrawerLayoutCompatImplApi21
android.support.v4.widget.DrawerLayout$DrawerLayoutCompatImplBase
android.support.v4.widget.DrawerLayout$DrawerListener
android.support.v4.widget.DrawerLayout$EdgeGravity
android.support.v4.widget.DrawerLayout$LayoutParams
android.support.v4.widget.DrawerLayout$LockMode
android.support.v4.widget.DrawerLayout$SavedState
android.support.v4.widget.DrawerLayout$SavedState$1
android.support.v4.widget.DrawerLayout$SimpleDrawerListener
android.support.v4.widget.DrawerLayout$State
android.support.v4.widget.DrawerLayout$ViewDragCallback
android.support.v4.widget.DrawerLayout$ViewDragCallback$1
android.support.v4.widget.DrawerLayoutCompatApi21
android.support.v4.widget.DrawerLayoutCompatApi21$InsetsListener
android.support.v4.widget.DrawerLayoutImpl
android.support.v4.widget.EdgeEffectCompat:
    213:213:public boolean onPull(float,float)
    240:240:public boolean onAbsorb(int)
android.support.v4.widget.EdgeEffectCompat$BaseEdgeEffectImpl:
    85:85:public boolean onAbsorb(java.lang.Object,int)
    93:93:public boolean onPull(java.lang.Object,float,float)
android.support.v4.widget.EdgeEffectCompat$EdgeEffectIcsImpl:
    123:123:public boolean onAbsorb(java.lang.Object,int)
    131:131:public boolean onPull(java.lang.Object,float,float)
android.support.v4.widget.EdgeEffectCompat$EdgeEffectImpl:
    public abstract boolean onAbsorb(java.lang.Object,int)
    public abstract boolean onPull(java.lang.Object,float,float)
android.support.v4.widget.EdgeEffectCompat$EdgeEffectLollipopImpl:
    137:137:public boolean onPull(java.lang.Object,float,float)
android.support.v4.widget.EdgeEffectCompatIcs:
    28:28:EdgeEffectCompatIcs()
    57:58:public static boolean onAbsorb(java.lang.Object,int)
android.support.v4.widget.EdgeEffectCompatLollipop
android.support.v4.widget.ExploreByTouchHelper
android.support.v4.widget.ExploreByTouchHelper$1